2024-09-09 12:00:01 Error 404: page not found

2024-09-09 12:00:02 Error 404: page not found

2024-09-09 12:00:03 Error 405: method not allowed

2024-09-09 12:00:04 Error 405: method not allowed

2024-09-09 12:00:05 Error 502: bad gateway

2024-09-09 12:00:08 Error 400: bad request

2024-09-09 12:00:09 Error 502: bad gateway

2024-09-09 12:00:13 Error 403: forbidden

2024-09-09 12:00:14 Error 502: bad gateway

2024-09-09 12:00:16 Error 404: page not found

2024-09-09 12:00:17 Error 502: bad gateway

2024-09-09 12:00:01 Error 404: page not found

2024-09-09 12:00:02 Error 404: page not found

2024-09-09 12:00:03 Error 405: method not allowed

2024-09-09 12:00:04 Error 405: method not allowed

2024-09-09 12:00:05 Error 502: bad gateway

2024-09-09 12:00:08 Error 400: bad request

2024-09-09 12:00:09 Error 502: bad gateway

2024-09-09 12:00:13 Error 403: forbidden

2024-09-09 12:00:14 Error 502: bad gateway

2024-09-09 12:00:16 Error 404: page not found

2024-09-09 12:00:17 Error 502: bad gateway

